c:\users\standard\desktop\spring-23\inheritance design\w06 - chess done\x64\debug\vc143.pdb
c:\users\standard\desktop\spring-23\inheritance design\w06 - chess done\x64\debug\vc143.idb
c:\users\standard\desktop\spring-23\inheritance design\w06 - chess done\x64\debug\uidraw.obj
c:\users\standard\desktop\spring-23\inheritance design\w06 - chess done\x64\debug\testpawn.obj
c:\users\standard\desktop\spring-23\inheritance design\w06 - chess done\x64\debug\testking.obj
c:\users\standard\desktop\spring-23\inheritance design\w06 - chess done\x64\debug\position.obj
c:\users\standard\desktop\spring-23\inheritance design\w06 - chess done\x64\debug\piece.obj
c:\users\standard\desktop\spring-23\inheritance design\w06 - chess done\x64\debug\board.obj
c:\users\standard\desktop\spring-23\inheritance design\w06 - chess done\x64\debug\uiinteract.obj
c:\users\standard\desktop\spring-23\inheritance design\w06 - chess done\x64\debug\chess.obj
c:\users\standard\desktop\spring-23\inheritance design\w06 - chess done\x64\debug\lab01.exe
c:\users\standard\desktop\spring-23\inheritance design\w06 - chess done\x64\debug\lab01.ilk
c:\users\standard\desktop\spring-23\inheritance design\w06 - chess done\x64\debug\lab01.pdb
c:\users\standard\desktop\spring-23\inheritance design\w06 - chess done\x64\debug\move.obj
c:\users\standard\desktop\spring-23\inheritance design\w06 - chess done\x64\debug\board.obj.enc
c:\users\standard\desktop\spring-23\inheritance design\w06 - chess done\x64\debug\piece.obj.enc
c:\users\standard\desktop\spring-23\inheritance design\w06 - chess done\x64\debug\lab01.tlog\cl.command.1.tlog
c:\users\standard\desktop\spring-23\inheritance design\w06 - chess done\x64\debug\lab01.tlog\cl.items.tlog
c:\users\standard\desktop\spring-23\inheritance design\w06 - chess done\x64\debug\lab01.tlog\cl.read.1.tlog
c:\users\standard\desktop\spring-23\inheritance design\w06 - chess done\x64\debug\lab01.tlog\cl.write.1.tlog
c:\users\standard\desktop\spring-23\inheritance design\w06 - chess done\x64\debug\lab01.tlog\link.command.1.tlog
c:\users\standard\desktop\spring-23\inheritance design\w06 - chess done\x64\debug\lab01.tlog\link.read.1.tlog
c:\users\standard\desktop\spring-23\inheritance design\w06 - chess done\x64\debug\lab01.tlog\link.write.1.tlog
